INFO [acme.Launcher] Starting Launcher using Java 1.8.0_281 on LAPTOP-JGONBC4T with PID 8792 (C:\Users\petak\git\Acme-Planner\target\classes started by petak in C:\Users\petak\git\Acme-Planner)
INFO [acme.Launcher] The following profiles are active: development,populator
INFO [acme.Launcher] Started Launcher in 12.271 seconds (JVM running for 14.884)
INFO [acme.framework.utilities.DatabasePopulator] Populating sample data
INFO [acme.framework.utilities.DatabasePopulator] Recreating schema
INFO [acme.framework.utilities.DatabasePopulator] Populating entities from classpath:/WEB-INF/population/initial-data.xml
INFO [acme.framework.utilities.DatabasePopulator] Validating your entities.
INFO [acme.framework.utilities.DatabasePopulator] Validating anonymousUserAccount ... PASS
INFO [acme.framework.utilities.DatabasePopulator] Validating anonymousAnonymous ... PASS
INFO [acme.framework.utilities.DatabasePopulator] Validating administratorUserAccount ... PASS
INFO [acme.framework.utilities.DatabasePopulator] Validating administratorAdministrator ... PASS
INFO [acme.framework.utilities.DatabasePopulator] Validating administratorAuthenticated ... PASS
INFO [acme.framework.utilities.DatabasePopulator] Sorting your entities topologically.
INFO [acme.framework.utilities.DatabasePopulator] > Setting index 0 for anonymousUserAccount.
INFO [acme.framework.utilities.DatabasePopulator] > Setting index 1 for anonymousAnonymous.
INFO [acme.framework.utilities.DatabasePopulator] > Setting index 2 for administratorUserAccount.
INFO [acme.framework.utilities.DatabasePopulator] > Setting index 3 for administratorAdministrator.
INFO [acme.framework.utilities.DatabasePopulator] > Setting index 4 for administratorAuthenticated.
INFO [acme.framework.utilities.DatabasePopulator] Persiting your entities.
INFO [acme.framework.utilities.DatabasePopulator] > Persisting anonymousUserAccount = acme.framework.entities.UserAccount{id=1, version=0}
INFO [acme.framework.utilities.DatabasePopulator] > Persisting anonymousAnonymous = acme.framework.entities.Anonymous{id=2, version=0}
INFO [acme.framework.utilities.DatabasePopulator] > Persisting administratorUserAccount = acme.framework.entities.UserAccount{id=3, version=0}
INFO [acme.framework.utilities.DatabasePopulator] > Persisting administratorAdministrator = acme.framework.entities.Administrator{id=4, version=0}
INFO [acme.framework.utilities.DatabasePopulator] > Persisting administratorAuthenticated = acme.framework.entities.Authenticated{id=5, version=0}
INFO [acme.framework.utilities.DatabasePopulator] Populating entities from classpath:/WEB-INF/population/sample-data.xml
INFO [acme.framework.utilities.DatabasePopulator] Validating your entities.
INFO [acme.framework.utilities.DatabasePopulator] Validating task01 ... PASS
INFO [acme.framework.utilities.DatabasePopulator] Validating task02 ... PASS
INFO [acme.framework.utilities.DatabasePopulator] Validating shout01 ... PASS
INFO [acme.framework.utilities.DatabasePopulator] Validating shout02 ... PASS
INFO [acme.framework.utilities.DatabasePopulator] Validating shout03 ... PASS
INFO [acme.framework.utilities.DatabasePopulator] Validating shout04 ... PASS
INFO [acme.framework.utilities.DatabasePopulator] Validating shout05 ... PASS
INFO [acme.framework.utilities.DatabasePopulator] Validating shout06 ... PASS
INFO [acme.framework.utilities.DatabasePopulator] Validating shout07 ... PASS
INFO [acme.framework.utilities.DatabasePopulator] Sorting your entities topologically.
INFO [acme.framework.utilities.DatabasePopulator] > Setting index 0 for task01.
INFO [acme.framework.utilities.DatabasePopulator] > Setting index 1 for task02.
INFO [acme.framework.utilities.DatabasePopulator] > Setting index 2 for shout01.
INFO [acme.framework.utilities.DatabasePopulator] > Setting index 3 for shout02.
INFO [acme.framework.utilities.DatabasePopulator] > Setting index 4 for shout03.
INFO [acme.framework.utilities.DatabasePopulator] > Setting index 5 for shout04.
INFO [acme.framework.utilities.DatabasePopulator] > Setting index 6 for shout05.
INFO [acme.framework.utilities.DatabasePopulator] > Setting index 7 for shout06.
INFO [acme.framework.utilities.DatabasePopulator] > Setting index 8 for shout07.
INFO [acme.framework.utilities.DatabasePopulator] Persiting your entities.
INFO [acme.framework.utilities.DatabasePopulator] > Persisting task01 = acme.framework.entities.Task{id=6, version=0}
INFO [acme.framework.utilities.DatabasePopulator] > Persisting task02 = acme.framework.entities.Task{id=7, version=0}
INFO [acme.framework.utilities.DatabasePopulator] > Persisting shout01 = acme.framework.entities.Shout{id=8, version=0}
INFO [acme.framework.utilities.DatabasePopulator] > Persisting shout02 = acme.framework.entities.Shout{id=9, version=0}
INFO [acme.framework.utilities.DatabasePopulator] > Persisting shout03 = acme.framework.entities.Shout{id=10, version=0}
INFO [acme.framework.utilities.DatabasePopulator] > Persisting shout04 = acme.framework.entities.Shout{id=11, version=0}
INFO [acme.framework.utilities.DatabasePopulator] > Persisting shout05 = acme.framework.entities.Shout{id=12, version=0}
INFO [acme.framework.utilities.DatabasePopulator] > Persisting shout06 = acme.framework.entities.Shout{id=13, version=0}
INFO [acme.framework.utilities.DatabasePopulator] > Persisting shout07 = acme.framework.entities.Shout{id=14, version=0}
INFO [acme.framework.configuration.ShutdownConfiguration] The system is shutting down...
WARN [org.hibernate.orm.connections.pooling] HHH10001002: Using Hibernate built-in connection pool (not for production use!)
WARN [org.hibernate.orm.connections.pooling] HHH10001002: Using Hibernate built-in connection pool (not for production use!)
WARN [org.springframework.context.support.FileSystemXmlApplicationContext] Exception encountered during context initialization - cancelling refresh attempt: org.springframework.beans.factory.BeanCreationException: Error creating bean with name 'task01' defined in class path resource [WEB-INF/population/sample-data.xml]: Initialization of bean failed; nested exception is org.springframework.beans.TypeMismatchException: Failed to convert property value of type 'java.lang.String' to required type 'java.util.Date' for property 'start'; nested exception is org.springframework.core.convert.ConversionFailedException: Failed to convert from type [java.lang.String] to type [@javax.validation.constraints.NotNull @javax.persistence.Temporal @javax.validation.constraints.Future java.util.Date] for value '2021/04/12 15:00'; nested exception is java.lang.IllegalArgumentException: Parse attempt failed for value [2021/04/12 15:00]
ERROR [org.apache.jsp.WEB_002dINF.views.framework.panic_jsp] HTTP GET /Acme-Planner/WEB-INF/views/framework/page.jsp HTTP/1.1
ERROR [org.apache.jsp.WEB_002dINF.views.framework.panic_jsp] Status: 500
ERROR [org.apache.jsp.WEB_002dINF.views.framework.panic_jsp] Exception: org.springframework.beans.factory.support.AbstractAutowireCapableBeanFactory.doCreateBean(AbstractAutowireCapableBeanFactory.java:617): Error creating bean with name 'task01' defined in class path resource [WEB-INF/population/sample-data.xml]: Initialization of bean failed; nested exception is org.springframework.beans.TypeMismatchException: Failed to convert property value of type 'java.lang.String' to required type 'java.util.Date' for property 'start'; nested exception is org.springframework.core.convert.ConversionFailedException: Failed to convert from type [java.lang.String] to type [@javax.validation.constraints.NotNull @javax.persistence.Temporal @javax.validation.constraints.Future java.util.Date] for value '2021/04/12 15:00'; nested exception is java.lang.IllegalArgumentException: Parse attempt failed for value [2021/04/12 15:00]
org.springframework.beans.AbstractNestablePropertyAccessor.convertIfNecessary(AbstractNestablePropertyAccessor.java:598): Failed to convert property value of type 'java.lang.String' to required type 'java.util.Date' for property 'start'; nested exception is org.springframework.core.convert.ConversionFailedException: Failed to convert from type [java.lang.String] to type [@javax.validation.constraints.NotNull @javax.persistence.Temporal @javax.validation.constraints.Future java.util.Date] for value '2021/04/12 15:00'; nested exception is java.lang.IllegalArgumentException: Parse attempt failed for value [2021/04/12 15:00]
org.springframework.core.convert.support.ConversionUtils.invokeConverter(ConversionUtils.java:47): Failed to convert from type [java.lang.String] to type [@javax.validation.constraints.NotNull @javax.persistence.Temporal @javax.validation.constraints.Future java.util.Date] for value '2021/04/12 15:00'; nested exception is java.lang.IllegalArgumentException: Parse attempt failed for value [2021/04/12 15:00]
org.springframework.format.support.FormattingConversionService$ParserConverter.convert(FormattingConversionService.java:223): Parse attempt failed for value [2021/04/12 15:00]
acme.framework.utilities.LocalisedDateFormatter.parse(LocalisedDateFormatter.java:59): Valor incorrecto
INFO [acme.Launcher] Starting Launcher using Java 1.8.0_281 on LAPTOP-JGONBC4T with PID 9916 (C:\Users\petak\git\Acme-Planner\target\classes started by petak in C:\Users\petak\git\Acme-Planner)
INFO [acme.Launcher] The following profiles are active: development,populator
INFO [acme.Launcher] Started Launcher in 7.266 seconds (JVM running for 7.89)
INFO [acme.framework.utilities.DatabasePopulator] Populating sample data
INFO [acme.framework.utilities.DatabasePopulator] Recreating schema
INFO [acme.framework.utilities.DatabasePopulator] Populating entities from classpath:/WEB-INF/population/initial-data.xml
INFO [acme.framework.utilities.DatabasePopulator] Validating your entities.
INFO [acme.framework.utilities.DatabasePopulator] Validating anonymousUserAccount ... PASS
INFO [acme.framework.utilities.DatabasePopulator] Validating anonymousAnonymous ... PASS
INFO [acme.framework.utilities.DatabasePopulator] Validating administratorUserAccount ... PASS
INFO [acme.framework.utilities.DatabasePopulator] Validating administratorAdministrator ... PASS
INFO [acme.framework.utilities.DatabasePopulator] Validating administratorAuthenticated ... PASS
INFO [acme.framework.utilities.DatabasePopulator] Sorting your entities topologically.
INFO [acme.framework.utilities.DatabasePopulator] > Setting index 0 for anonymousUserAccount.
INFO [acme.framework.utilities.DatabasePopulator] > Setting index 1 for anonymousAnonymous.
INFO [acme.framework.utilities.DatabasePopulator] > Setting index 2 for administratorUserAccount.
INFO [acme.framework.utilities.DatabasePopulator] > Setting index 3 for administratorAdministrator.
INFO [acme.framework.utilities.DatabasePopulator] > Setting index 4 for administratorAuthenticated.
INFO [acme.framework.utilities.DatabasePopulator] Persiting your entities.
INFO [acme.framework.utilities.DatabasePopulator] > Persisting anonymousUserAccount = acme.framework.entities.UserAccount{id=1, version=0}
INFO [acme.framework.utilities.DatabasePopulator] > Persisting anonymousAnonymous = acme.framework.entities.Anonymous{id=2, version=0}
INFO [acme.framework.utilities.DatabasePopulator] > Persisting administratorUserAccount = acme.framework.entities.UserAccount{id=3, version=0}
INFO [acme.framework.utilities.DatabasePopulator] > Persisting administratorAdministrator = acme.framework.entities.Administrator{id=4, version=0}
INFO [acme.framework.utilities.DatabasePopulator] > Persisting administratorAuthenticated = acme.framework.entities.Authenticated{id=5, version=0}
INFO [acme.framework.utilities.DatabasePopulator] Populating entities from classpath:/WEB-INF/population/sample-data.xml
INFO [acme.framework.utilities.DatabasePopulator] Validating your entities.
INFO [acme.framework.utilities.DatabasePopulator] Validating task01 ... FAILED
INFO [acme.framework.utilities.DatabasePopulator] Violated constraints on entity task01: end : Must be in the future
, start : Must be in the future
INFO [acme.framework.configuration.ShutdownConfiguration] The system is shutting down...
WARN [org.hibernate.orm.connections.pooling] HHH10001002: Using Hibernate built-in connection pool (not for production use!)
WARN [org.springframework.context.support.FileSystemXmlApplicationContext] Exception encountered during context initialization - cancelling refresh attempt: org.springframework.beans.factory.BeanCreationException: Error creating bean with name 'task01' defined in class path resource [WEB-INF/population/sample-data.xml]: Initialization of bean failed; nested exception is org.springframework.beans.TypeMismatchException: Failed to convert property value of type 'java.lang.String' to required type 'java.util.Date' for property 'start'; nested exception is org.springframework.core.convert.ConversionFailedException: Failed to convert from type [java.lang.String] to type [@javax.validation.constraints.NotNull @javax.persistence.Temporal @javax.validation.constraints.Future java.util.Date] for value '2021/09/12 15:00'; nested exception is java.lang.IllegalArgumentException: Parse attempt failed for value [2021/09/12 15:00]
ERROR [org.apache.jsp.WEB_002dINF.views.framework.panic_jsp] HTTP GET /Acme-Planner/WEB-INF/views/framework/page.jsp HTTP/1.1
ERROR [org.apache.jsp.WEB_002dINF.views.framework.panic_jsp] Status: 500
ERROR [org.apache.jsp.WEB_002dINF.views.framework.panic_jsp] Exception: org.springframework.beans.factory.support.AbstractAutowireCapableBeanFactory.doCreateBean(AbstractAutowireCapableBeanFactory.java:617): Error creating bean with name 'task01' defined in class path resource [WEB-INF/population/sample-data.xml]: Initialization of bean failed; nested exception is org.springframework.beans.TypeMismatchException: Failed to convert property value of type 'java.lang.String' to required type 'java.util.Date' for property 'start'; nested exception is org.springframework.core.convert.ConversionFailedException: Failed to convert from type [java.lang.String] to type [@javax.validation.constraints.NotNull @javax.persistence.Temporal @javax.validation.constraints.Future java.util.Date] for value '2021/09/12 15:00'; nested exception is java.lang.IllegalArgumentException: Parse attempt failed for value [2021/09/12 15:00]
org.springframework.beans.AbstractNestablePropertyAccessor.convertIfNecessary(AbstractNestablePropertyAccessor.java:598): Failed to convert property value of type 'java.lang.String' to required type 'java.util.Date' for property 'start'; nested exception is org.springframework.core.convert.ConversionFailedException: Failed to convert from type [java.lang.String] to type [@javax.validation.constraints.NotNull @javax.persistence.Temporal @javax.validation.constraints.Future java.util.Date] for value '2021/09/12 15:00'; nested exception is java.lang.IllegalArgumentException: Parse attempt failed for value [2021/09/12 15:00]
org.springframework.core.convert.support.ConversionUtils.invokeConverter(ConversionUtils.java:47): Failed to convert from type [java.lang.String] to type [@javax.validation.constraints.NotNull @javax.persistence.Temporal @javax.validation.constraints.Future java.util.Date] for value '2021/09/12 15:00'; nested exception is java.lang.IllegalArgumentException: Parse attempt failed for value [2021/09/12 15:00]
org.springframework.format.support.FormattingConversionService$ParserConverter.convert(FormattingConversionService.java:223): Parse attempt failed for value [2021/09/12 15:00]
acme.framework.utilities.LocalisedDateFormatter.parse(LocalisedDateFormatter.java:59): Valor incorrecto
ERROR [org.apache.jsp.WEB_002dINF.views.framework.panic_jsp] HTTP GET /Acme-Planner/WEB-INF/views/framework/page.jsp HTTP/1.1
ERROR [org.apache.jsp.WEB_002dINF.views.framework.panic_jsp] Status: 500
ERROR [org.apache.jsp.WEB_002dINF.views.framework.panic_jsp] Exception: org.springframework.util.Assert.state(Assert.java:76): default.error.not-authorised
INFO [acme.Launcher] Starting Launcher using Java 1.8.0_281 on LAPTOP-JGONBC4T with PID 13640 (C:\Users\petak\git\Acme-Planner\target\classes started by petak in C:\Users\petak\git\Acme-Planner)
INFO [acme.Launcher] The following profiles are active: development,populator
INFO [acme.Launcher] Started Launcher in 7.702 seconds (JVM running for 8.357)
INFO [acme.framework.utilities.DatabasePopulator] Populating sample data
INFO [acme.framework.utilities.DatabasePopulator] Recreating schema
INFO [acme.framework.utilities.DatabasePopulator] Populating entities from classpath:/WEB-INF/population/initial-data.xml
INFO [acme.framework.utilities.DatabasePopulator] Validating your entities.
INFO [acme.framework.utilities.DatabasePopulator] Validating anonymousUserAccount ... PASS
INFO [acme.framework.utilities.DatabasePopulator] Validating anonymousAnonymous ... PASS
INFO [acme.framework.utilities.DatabasePopulator] Validating administratorUserAccount ... PASS
INFO [acme.framework.utilities.DatabasePopulator] Validating administratorAdministrator ... PASS
INFO [acme.framework.utilities.DatabasePopulator] Validating administratorAuthenticated ... PASS
INFO [acme.framework.utilities.DatabasePopulator] Sorting your entities topologically.
INFO [acme.framework.utilities.DatabasePopulator] > Setting index 0 for anonymousUserAccount.
INFO [acme.framework.utilities.DatabasePopulator] > Setting index 1 for anonymousAnonymous.
INFO [acme.framework.utilities.DatabasePopulator] > Setting index 2 for administratorUserAccount.
INFO [acme.framework.utilities.DatabasePopulator] > Setting index 3 for administratorAdministrator.
INFO [acme.framework.utilities.DatabasePopulator] > Setting index 4 for administratorAuthenticated.
INFO [acme.framework.utilities.DatabasePopulator] Persiting your entities.
INFO [acme.framework.utilities.DatabasePopulator] > Persisting anonymousUserAccount = acme.framework.entities.UserAccount{id=1, version=0}
INFO [acme.framework.utilities.DatabasePopulator] > Persisting anonymousAnonymous = acme.framework.entities.Anonymous{id=2, version=0}
INFO [acme.framework.utilities.DatabasePopulator] > Persisting administratorUserAccount = acme.framework.entities.UserAccount{id=3, version=0}
INFO [acme.framework.utilities.DatabasePopulator] > Persisting administratorAdministrator = acme.framework.entities.Administrator{id=4, version=0}
INFO [acme.framework.utilities.DatabasePopulator] > Persisting administratorAuthenticated = acme.framework.entities.Authenticated{id=5, version=0}
INFO [acme.framework.utilities.DatabasePopulator] Populating entities from classpath:/WEB-INF/population/sample-data.xml
INFO [acme.framework.utilities.DatabasePopulator] Validating your entities.
INFO [acme.framework.utilities.DatabasePopulator] Validating task01 ... PASS
INFO [acme.framework.utilities.DatabasePopulator] Validating task02 ... PASS
INFO [acme.framework.utilities.DatabasePopulator] Validating shout01 ... PASS
INFO [acme.framework.utilities.DatabasePopulator] Validating shout02 ... PASS
INFO [acme.framework.utilities.DatabasePopulator] Validating shout03 ... PASS
INFO [acme.framework.utilities.DatabasePopulator] Validating shout04 ... PASS
INFO [acme.framework.utilities.DatabasePopulator] Validating shout05 ... PASS
INFO [acme.framework.utilities.DatabasePopulator] Validating shout06 ... PASS
INFO [acme.framework.utilities.DatabasePopulator] Validating shout07 ... PASS
INFO [acme.framework.utilities.DatabasePopulator] Sorting your entities topologically.
INFO [acme.framework.utilities.DatabasePopulator] > Setting index 0 for task01.
INFO [acme.framework.utilities.DatabasePopulator] > Setting index 1 for task02.
INFO [acme.framework.utilities.DatabasePopulator] > Setting index 2 for shout01.
INFO [acme.framework.utilities.DatabasePopulator] > Setting index 3 for shout02.
INFO [acme.framework.utilities.DatabasePopulator] > Setting index 4 for shout03.
INFO [acme.framework.utilities.DatabasePopulator] > Setting index 5 for shout04.
INFO [acme.framework.utilities.DatabasePopulator] > Setting index 6 for shout05.
INFO [acme.framework.utilities.DatabasePopulator] > Setting index 7 for shout06.
INFO [acme.framework.utilities.DatabasePopulator] > Setting index 8 for shout07.
INFO [acme.framework.utilities.DatabasePopulator] Persiting your entities.
INFO [acme.framework.utilities.DatabasePopulator] > Persisting task01 = acme.framework.entities.Task{id=6, version=0}
INFO [acme.framework.utilities.DatabasePopulator] > Persisting task02 = acme.framework.entities.Task{id=7, version=0}
INFO [acme.framework.utilities.DatabasePopulator] > Persisting shout01 = acme.framework.entities.Shout{id=8, version=0}
INFO [acme.framework.utilities.DatabasePopulator] > Persisting shout02 = acme.framework.entities.Shout{id=9, version=0}
INFO [acme.framework.utilities.DatabasePopulator] > Persisting shout03 = acme.framework.entities.Shout{id=10, version=0}
INFO [acme.framework.utilities.DatabasePopulator] > Persisting shout04 = acme.framework.entities.Shout{id=11, version=0}
INFO [acme.framework.utilities.DatabasePopulator] > Persisting shout05 = acme.framework.entities.Shout{id=12, version=0}
INFO [acme.framework.utilities.DatabasePopulator] > Persisting shout06 = acme.framework.entities.Shout{id=13, version=0}
INFO [acme.framework.utilities.DatabasePopulator] > Persisting shout07 = acme.framework.entities.Shout{id=14, version=0}
INFO [acme.framework.configuration.ShutdownConfiguration] The system is shutting down...
INFO [acme.Launcher] Starting Launcher using Java 1.8.0_281 on LAPTOP-JGONBC4T with PID 5236 (C:\Users\petak\git\Acme-Planner\target\classes started by petak in C:\Users\petak\git\Acme-Planner)
INFO [acme.Launcher] The following profiles are active: development,populator
INFO [acme.Launcher] Started Launcher in 7.064 seconds (JVM running for 7.702)
INFO [acme.framework.utilities.DatabasePopulator] Populating sample data
INFO [acme.framework.utilities.DatabasePopulator] Recreating schema
INFO [acme.framework.utilities.DatabasePopulator] Populating entities from classpath:/WEB-INF/population/initial-data.xml
INFO [acme.framework.utilities.DatabasePopulator] Validating your entities.
INFO [acme.framework.utilities.DatabasePopulator] Validating anonymousUserAccount ... PASS
INFO [acme.framework.utilities.DatabasePopulator] Validating anonymousAnonymous ... PASS
INFO [acme.framework.utilities.DatabasePopulator] Validating administratorUserAccount ... PASS
INFO [acme.framework.utilities.DatabasePopulator] Validating administratorAdministrator ... PASS
INFO [acme.framework.utilities.DatabasePopulator] Validating administratorAuthenticated ... PASS
INFO [acme.framework.utilities.DatabasePopulator] Sorting your entities topologically.
INFO [acme.framework.utilities.DatabasePopulator] > Setting index 0 for anonymousUserAccount.
INFO [acme.framework.utilities.DatabasePopulator] > Setting index 1 for anonymousAnonymous.
INFO [acme.framework.utilities.DatabasePopulator] > Setting index 2 for administratorUserAccount.
INFO [acme.framework.utilities.DatabasePopulator] > Setting index 3 for administratorAdministrator.
INFO [acme.framework.utilities.DatabasePopulator] > Setting index 4 for administratorAuthenticated.
INFO [acme.framework.utilities.DatabasePopulator] Persiting your entities.
INFO [acme.framework.utilities.DatabasePopulator] > Persisting anonymousUserAccount = acme.framework.entities.UserAccount{id=1, version=0}
INFO [acme.framework.utilities.DatabasePopulator] > Persisting anonymousAnonymous = acme.framework.entities.Anonymous{id=2, version=0}
INFO [acme.framework.utilities.DatabasePopulator] > Persisting administratorUserAccount = acme.framework.entities.UserAccount{id=3, version=0}
INFO [acme.framework.utilities.DatabasePopulator] > Persisting administratorAdministrator = acme.framework.entities.Administrator{id=4, version=0}
INFO [acme.framework.utilities.DatabasePopulator] > Persisting administratorAuthenticated = acme.framework.entities.Authenticated{id=5, version=0}
INFO [acme.framework.utilities.DatabasePopulator] Populating entities from classpath:/WEB-INF/population/sample-data.xml
INFO [acme.framework.utilities.DatabasePopulator] Validating your entities.
INFO [acme.framework.utilities.DatabasePopulator] Validating task01 ... PASS
INFO [acme.framework.utilities.DatabasePopulator] Validating task02 ... PASS
INFO [acme.framework.utilities.DatabasePopulator] Validating task03 ... PASS
INFO [acme.framework.utilities.DatabasePopulator] Validating task04 ... PASS
INFO [acme.framework.utilities.DatabasePopulator] Validating task05 ... PASS
INFO [acme.framework.utilities.DatabasePopulator] Validating task06 ... FAILED
INFO [acme.framework.utilities.DatabasePopulator] Violated constraints on entity task06: start : Must be in the future
, end : Must be in the future
INFO [acme.framework.configuration.ShutdownConfiguration] The system is shutting down...
INFO [acme.Launcher] Starting Launcher using Java 1.8.0_281 on LAPTOP-JGONBC4T with PID 7800 (C:\Users\petak\git\Acme-Planner\target\classes started by petak in C:\Users\petak\git\Acme-Planner)
INFO [acme.Launcher] The following profiles are active: development,populator
INFO [acme.Launcher] Started Launcher in 9.583 seconds (JVM running for 10.255)
INFO [acme.framework.utilities.DatabasePopulator] Populating sample data
INFO [acme.framework.utilities.DatabasePopulator] Recreating schema
INFO [acme.framework.utilities.DatabasePopulator] Populating entities from classpath:/WEB-INF/population/initial-data.xml
INFO [acme.framework.utilities.DatabasePopulator] Validating your entities.
INFO [acme.framework.utilities.DatabasePopulator] Validating anonymousUserAccount ... PASS
INFO [acme.framework.utilities.DatabasePopulator] Validating anonymousAnonymous ... PASS
INFO [acme.framework.utilities.DatabasePopulator] Validating administratorUserAccount ... PASS
INFO [acme.framework.utilities.DatabasePopulator] Validating administratorAdministrator ... PASS
INFO [acme.framework.utilities.DatabasePopulator] Validating administratorAuthenticated ... PASS
INFO [acme.framework.utilities.DatabasePopulator] Sorting your entities topologically.
INFO [acme.framework.utilities.DatabasePopulator] > Setting index 0 for anonymousUserAccount.
INFO [acme.framework.utilities.DatabasePopulator] > Setting index 1 for anonymousAnonymous.
INFO [acme.framework.utilities.DatabasePopulator] > Setting index 2 for administratorUserAccount.
INFO [acme.framework.utilities.DatabasePopulator] > Setting index 3 for administratorAdministrator.
INFO [acme.framework.utilities.DatabasePopulator] > Setting index 4 for administratorAuthenticated.
INFO [acme.framework.utilities.DatabasePopulator] Persiting your entities.
INFO [acme.framework.utilities.DatabasePopulator] > Persisting anonymousUserAccount = acme.framework.entities.UserAccount{id=1, version=0}
INFO [acme.framework.utilities.DatabasePopulator] > Persisting anonymousAnonymous = acme.framework.entities.Anonymous{id=2, version=0}
INFO [acme.framework.utilities.DatabasePopulator] > Persisting administratorUserAccount = acme.framework.entities.UserAccount{id=3, version=0}
INFO [acme.framework.utilities.DatabasePopulator] > Persisting administratorAdministrator = acme.framework.entities.Administrator{id=4, version=0}
INFO [acme.framework.utilities.DatabasePopulator] > Persisting administratorAuthenticated = acme.framework.entities.Authenticated{id=5, version=0}
INFO [acme.framework.utilities.DatabasePopulator] Populating entities from classpath:/WEB-INF/population/sample-data.xml
INFO [acme.framework.utilities.DatabasePopulator] Validating your entities.
INFO [acme.framework.utilities.DatabasePopulator] Validating task01 ... PASS
INFO [acme.framework.utilities.DatabasePopulator] Validating task02 ... PASS
INFO [acme.framework.utilities.DatabasePopulator] Validating task03 ... PASS
INFO [acme.framework.utilities.DatabasePopulator] Validating task04 ... PASS
INFO [acme.framework.utilities.DatabasePopulator] Validating task05 ... PASS
INFO [acme.framework.utilities.DatabasePopulator] Validating task06 ... PASS
INFO [acme.framework.utilities.DatabasePopulator] Validating task07 ... PASS
INFO [acme.framework.utilities.DatabasePopulator] Validating shout01 ... PASS
INFO [acme.framework.utilities.DatabasePopulator] Validating shout02 ... PASS
INFO [acme.framework.utilities.DatabasePopulator] Validating shout03 ... PASS
INFO [acme.framework.utilities.DatabasePopulator] Validating shout04 ... PASS
INFO [acme.framework.utilities.DatabasePopulator] Validating shout05 ... PASS
INFO [acme.framework.utilities.DatabasePopulator] Validating shout06 ... PASS
INFO [acme.framework.utilities.DatabasePopulator] Validating shout07 ... PASS
INFO [acme.framework.utilities.DatabasePopulator] Sorting your entities topologically.
INFO [acme.framework.utilities.DatabasePopulator] > Setting index 0 for task01.
INFO [acme.framework.utilities.DatabasePopulator] > Setting index 1 for task02.
INFO [acme.framework.utilities.DatabasePopulator] > Setting index 2 for task03.
INFO [acme.framework.utilities.DatabasePopulator] > Setting index 3 for task04.
INFO [acme.framework.utilities.DatabasePopulator] > Setting index 4 for task05.
INFO [acme.framework.utilities.DatabasePopulator] > Setting index 5 for task06.
INFO [acme.framework.utilities.DatabasePopulator] > Setting index 6 for task07.
INFO [acme.framework.utilities.DatabasePopulator] > Setting index 7 for shout01.
INFO [acme.framework.utilities.DatabasePopulator] > Setting index 8 for shout02.
INFO [acme.framework.utilities.DatabasePopulator] > Setting index 9 for shout03.
INFO [acme.framework.utilities.DatabasePopulator] > Setting index 10 for shout04.
INFO [acme.framework.utilities.DatabasePopulator] > Setting index 11 for shout05.
INFO [acme.framework.utilities.DatabasePopulator] > Setting index 12 for shout06.
INFO [acme.framework.utilities.DatabasePopulator] > Setting index 13 for shout07.
INFO [acme.framework.utilities.DatabasePopulator] Persiting your entities.
INFO [acme.framework.utilities.DatabasePopulator] > Persisting task01 = acme.framework.entities.Task{id=6, version=0}
INFO [acme.framework.utilities.DatabasePopulator] > Persisting task02 = acme.framework.entities.Task{id=7, version=0}
INFO [acme.framework.utilities.DatabasePopulator] > Persisting task03 = acme.framework.entities.Task{id=8, version=0}
INFO [acme.framework.utilities.DatabasePopulator] > Persisting task04 = acme.framework.entities.Task{id=9, version=0}
INFO [acme.framework.utilities.DatabasePopulator] > Persisting task05 = acme.framework.entities.Task{id=10, version=0}
INFO [acme.framework.utilities.DatabasePopulator] > Persisting task06 = acme.framework.entities.Task{id=11, version=0}
INFO [acme.framework.utilities.DatabasePopulator] > Persisting task07 = acme.framework.entities.Task{id=12, version=0}
INFO [acme.framework.utilities.DatabasePopulator] > Persisting shout01 = acme.framework.entities.Shout{id=13, version=0}
INFO [acme.framework.utilities.DatabasePopulator] > Persisting shout02 = acme.framework.entities.Shout{id=14, version=0}
INFO [acme.framework.utilities.DatabasePopulator] > Persisting shout03 = acme.framework.entities.Shout{id=15, version=0}
INFO [acme.framework.utilities.DatabasePopulator] > Persisting shout04 = acme.framework.entities.Shout{id=16, version=0}
INFO [acme.framework.utilities.DatabasePopulator] > Persisting shout05 = acme.framework.entities.Shout{id=17, version=0}
INFO [acme.framework.utilities.DatabasePopulator] > Persisting shout06 = acme.framework.entities.Shout{id=18, version=0}
INFO [acme.framework.utilities.DatabasePopulator] > Persisting shout07 = acme.framework.entities.Shout{id=19, version=0}
INFO [acme.framework.configuration.ShutdownConfiguration] The system is shutting down...
INFO [acme.Launcher] Starting Launcher using Java 1.8.0_281 on LAPTOP-JGONBC4T with PID 8188 (C:\Users\petak\git\Acme-Planner\target\classes started by petak in C:\Users\petak\git\Acme-Planner)
INFO [acme.Launcher] The following profiles are active: development,populator
INFO [acme.Launcher] Started Launcher in 7.367 seconds (JVM running for 8.328)
INFO [acme.framework.utilities.DatabasePopulator] Populating sample data
INFO [acme.framework.utilities.DatabasePopulator] Recreating schema
INFO [acme.framework.utilities.DatabasePopulator] Populating entities from classpath:/WEB-INF/population/initial-data.xml
INFO [acme.framework.utilities.DatabasePopulator] Validating your entities.
INFO [acme.framework.utilities.DatabasePopulator] Validating anonymousUserAccount ... PASS
INFO [acme.framework.utilities.DatabasePopulator] Validating anonymousAnonymous ... PASS
INFO [acme.framework.utilities.DatabasePopulator] Validating administratorUserAccount ... PASS
INFO [acme.framework.utilities.DatabasePopulator] Validating administratorAdministrator ... PASS
INFO [acme.framework.utilities.DatabasePopulator] Validating administratorAuthenticated ... PASS
INFO [acme.framework.utilities.DatabasePopulator] Sorting your entities topologically.
INFO [acme.framework.utilities.DatabasePopulator] > Setting index 0 for anonymousUserAccount.
INFO [acme.framework.utilities.DatabasePopulator] > Setting index 1 for anonymousAnonymous.
INFO [acme.framework.utilities.DatabasePopulator] > Setting index 2 for administratorUserAccount.
INFO [acme.framework.utilities.DatabasePopulator] > Setting index 3 for administratorAdministrator.
INFO [acme.framework.utilities.DatabasePopulator] > Setting index 4 for administratorAuthenticated.
INFO [acme.framework.utilities.DatabasePopulator] Persiting your entities.
INFO [acme.framework.utilities.DatabasePopulator] > Persisting anonymousUserAccount = acme.framework.entities.UserAccount{id=1, version=0}
INFO [acme.framework.utilities.DatabasePopulator] > Persisting anonymousAnonymous = acme.framework.entities.Anonymous{id=2, version=0}
INFO [acme.framework.utilities.DatabasePopulator] > Persisting administratorUserAccount = acme.framework.entities.UserAccount{id=3, version=0}
INFO [acme.framework.utilities.DatabasePopulator] > Persisting administratorAdministrator = acme.framework.entities.Administrator{id=4, version=0}
INFO [acme.framework.utilities.DatabasePopulator] > Persisting administratorAuthenticated = acme.framework.entities.Authenticated{id=5, version=0}
INFO [acme.framework.utilities.DatabasePopulator] Populating entities from classpath:/WEB-INF/population/sample-data.xml
INFO [acme.framework.utilities.DatabasePopulator] Validating your entities.
INFO [acme.framework.utilities.DatabasePopulator] Validating task01 ... PASS
INFO [acme.framework.utilities.DatabasePopulator] Validating task02 ... PASS
INFO [acme.framework.utilities.DatabasePopulator] Validating task03 ... PASS
INFO [acme.framework.utilities.DatabasePopulator] Validating task04 ... PASS
INFO [acme.framework.utilities.DatabasePopulator] Validating task05 ... PASS
INFO [acme.framework.utilities.DatabasePopulator] Validating task06 ... PASS
INFO [acme.framework.utilities.DatabasePopulator] Validating task07 ... PASS
INFO [acme.framework.utilities.DatabasePopulator] Validating shout01 ... PASS
INFO [acme.framework.utilities.DatabasePopulator] Validating shout02 ... PASS
INFO [acme.framework.utilities.DatabasePopulator] Validating shout03 ... PASS
INFO [acme.framework.utilities.DatabasePopulator] Validating shout04 ... PASS
INFO [acme.framework.utilities.DatabasePopulator] Validating shout05 ... PASS
INFO [acme.framework.utilities.DatabasePopulator] Validating shout06 ... PASS
INFO [acme.framework.utilities.DatabasePopulator] Validating shout07 ... PASS
INFO [acme.framework.utilities.DatabasePopulator] Sorting your entities topologically.
INFO [acme.framework.utilities.DatabasePopulator] > Setting index 0 for task01.
INFO [acme.framework.utilities.DatabasePopulator] > Setting index 1 for task02.
INFO [acme.framework.utilities.DatabasePopulator] > Setting index 2 for task03.
INFO [acme.framework.utilities.DatabasePopulator] > Setting index 3 for task04.
INFO [acme.framework.utilities.DatabasePopulator] > Setting index 4 for task05.
INFO [acme.framework.utilities.DatabasePopulator] > Setting index 5 for task06.
INFO [acme.framework.utilities.DatabasePopulator] > Setting index 6 for task07.
INFO [acme.framework.utilities.DatabasePopulator] > Setting index 7 for shout01.
INFO [acme.framework.utilities.DatabasePopulator] > Setting index 8 for shout02.
INFO [acme.framework.utilities.DatabasePopulator] > Setting index 9 for shout03.
INFO [acme.framework.utilities.DatabasePopulator] > Setting index 10 for shout04.
INFO [acme.framework.utilities.DatabasePopulator] > Setting index 11 for shout05.
INFO [acme.framework.utilities.DatabasePopulator] > Setting index 12 for shout06.
INFO [acme.framework.utilities.DatabasePopulator] > Setting index 13 for shout07.
INFO [acme.framework.utilities.DatabasePopulator] Persiting your entities.
INFO [acme.framework.utilities.DatabasePopulator] > Persisting task01 = acme.framework.entities.Task{id=6, version=0}
INFO [acme.framework.utilities.DatabasePopulator] > Persisting task02 = acme.framework.entities.Task{id=7, version=0}
INFO [acme.framework.utilities.DatabasePopulator] > Persisting task03 = acme.framework.entities.Task{id=8, version=0}
INFO [acme.framework.utilities.DatabasePopulator] > Persisting task04 = acme.framework.entities.Task{id=9, version=0}
INFO [acme.framework.utilities.DatabasePopulator] > Persisting task05 = acme.framework.entities.Task{id=10, version=0}
INFO [acme.framework.utilities.DatabasePopulator] > Persisting task06 = acme.framework.entities.Task{id=11, version=0}
INFO [acme.framework.utilities.DatabasePopulator] > Persisting task07 = acme.framework.entities.Task{id=12, version=0}
INFO [acme.framework.utilities.DatabasePopulator] > Persisting shout01 = acme.framework.entities.Shout{id=13, version=0}
INFO [acme.framework.utilities.DatabasePopulator] > Persisting shout02 = acme.framework.entities.Shout{id=14, version=0}
INFO [acme.framework.utilities.DatabasePopulator] > Persisting shout03 = acme.framework.entities.Shout{id=15, version=0}
INFO [acme.framework.utilities.DatabasePopulator] > Persisting shout04 = acme.framework.entities.Shout{id=16, version=0}
INFO [acme.framework.utilities.DatabasePopulator] > Persisting shout05 = acme.framework.entities.Shout{id=17, version=0}
INFO [acme.framework.utilities.DatabasePopulator] > Persisting shout06 = acme.framework.entities.Shout{id=18, version=0}
INFO [acme.framework.utilities.DatabasePopulator] > Persisting shout07 = acme.framework.entities.Shout{id=19, version=0}
INFO [acme.framework.configuration.ShutdownConfiguration] The system is shutting down...
INFO [acme.Launcher] Starting Launcher using Java 1.8.0_281 on LAPTOP-JGONBC4T with PID 4116 (C:\Users\petak\git\Acme-Planner\target\classes started by petak in C:\Users\petak\git\Acme-Planner)
INFO [acme.Launcher] The following profiles are active: development,populator
INFO [acme.Launcher] Started Launcher in 7.504 seconds (JVM running for 8.197)
INFO [acme.framework.utilities.DatabasePopulator] Populating sample data
INFO [acme.framework.utilities.DatabasePopulator] Recreating schema
INFO [acme.framework.utilities.DatabasePopulator] Populating entities from classpath:/WEB-INF/population/initial-data.xml
INFO [acme.framework.utilities.DatabasePopulator] Validating your entities.
INFO [acme.framework.utilities.DatabasePopulator] Validating anonymousUserAccount ... PASS
INFO [acme.framework.utilities.DatabasePopulator] Validating anonymousAnonymous ... PASS
INFO [acme.framework.utilities.DatabasePopulator] Validating administratorUserAccount ... PASS
INFO [acme.framework.utilities.DatabasePopulator] Validating administratorAdministrator ... PASS
INFO [acme.framework.utilities.DatabasePopulator] Validating administratorAuthenticated ... PASS
INFO [acme.framework.utilities.DatabasePopulator] Sorting your entities topologically.
INFO [acme.framework.utilities.DatabasePopulator] > Setting index 0 for anonymousUserAccount.
INFO [acme.framework.utilities.DatabasePopulator] > Setting index 1 for anonymousAnonymous.
INFO [acme.framework.utilities.DatabasePopulator] > Setting index 2 for administratorUserAccount.
INFO [acme.framework.utilities.DatabasePopulator] > Setting index 3 for administratorAdministrator.
INFO [acme.framework.utilities.DatabasePopulator] > Setting index 4 for administratorAuthenticated.
INFO [acme.framework.utilities.DatabasePopulator] Persiting your entities.
INFO [acme.framework.utilities.DatabasePopulator] > Persisting anonymousUserAccount = acme.framework.entities.UserAccount{id=1, version=0}
INFO [acme.framework.utilities.DatabasePopulator] > Persisting anonymousAnonymous = acme.framework.entities.Anonymous{id=2, version=0}
INFO [acme.framework.utilities.DatabasePopulator] > Persisting administratorUserAccount = acme.framework.entities.UserAccount{id=3, version=0}
INFO [acme.framework.utilities.DatabasePopulator] > Persisting administratorAdministrator = acme.framework.entities.Administrator{id=4, version=0}
INFO [acme.framework.utilities.DatabasePopulator] > Persisting administratorAuthenticated = acme.framework.entities.Authenticated{id=5, version=0}
INFO [acme.framework.utilities.DatabasePopulator] Populating entities from classpath:/WEB-INF/population/sample-data.xml
INFO [acme.framework.utilities.DatabasePopulator] Validating your entities.
INFO [acme.framework.utilities.DatabasePopulator] Validating task01 ... PASS
INFO [acme.framework.utilities.DatabasePopulator] Validating task02 ... PASS
INFO [acme.framework.utilities.DatabasePopulator] Validating task03 ... PASS
INFO [acme.framework.utilities.DatabasePopulator] Validating task04 ... PASS
INFO [acme.framework.utilities.DatabasePopulator] Validating task05 ... PASS
INFO [acme.framework.utilities.DatabasePopulator] Validating task06 ... PASS
INFO [acme.framework.utilities.DatabasePopulator] Validating task07 ... PASS
INFO [acme.framework.utilities.DatabasePopulator] Validating shout01 ... PASS
INFO [acme.framework.utilities.DatabasePopulator] Validating shout02 ... PASS
INFO [acme.framework.utilities.DatabasePopulator] Validating shout03 ... PASS
INFO [acme.framework.utilities.DatabasePopulator] Validating shout04 ... PASS
INFO [acme.framework.utilities.DatabasePopulator] Validating shout05 ... PASS
INFO [acme.framework.utilities.DatabasePopulator] Validating shout06 ... PASS
INFO [acme.framework.utilities.DatabasePopulator] Validating shout07 ... PASS
INFO [acme.framework.utilities.DatabasePopulator] Sorting your entities topologically.
INFO [acme.framework.utilities.DatabasePopulator] > Setting index 0 for task01.
INFO [acme.framework.utilities.DatabasePopulator] > Setting index 1 for task02.
INFO [acme.framework.utilities.DatabasePopulator] > Setting index 2 for task03.
INFO [acme.framework.utilities.DatabasePopulator] > Setting index 3 for task04.
INFO [acme.framework.utilities.DatabasePopulator] > Setting index 4 for task05.
INFO [acme.framework.utilities.DatabasePopulator] > Setting index 5 for task06.
INFO [acme.framework.utilities.DatabasePopulator] > Setting index 6 for task07.
INFO [acme.framework.utilities.DatabasePopulator] > Setting index 7 for shout01.
INFO [acme.framework.utilities.DatabasePopulator] > Setting index 8 for shout02.
INFO [acme.framework.utilities.DatabasePopulator] > Setting index 9 for shout03.
INFO [acme.framework.utilities.DatabasePopulator] > Setting index 10 for shout04.
INFO [acme.framework.utilities.DatabasePopulator] > Setting index 11 for shout05.
INFO [acme.framework.utilities.DatabasePopulator] > Setting index 12 for shout06.
INFO [acme.framework.utilities.DatabasePopulator] > Setting index 13 for shout07.
INFO [acme.framework.utilities.DatabasePopulator] Persiting your entities.
INFO [acme.framework.utilities.DatabasePopulator] > Persisting task01 = acme.framework.entities.Task{id=6, version=0}
INFO [acme.framework.utilities.DatabasePopulator] > Persisting task02 = acme.framework.entities.Task{id=7, version=0}
INFO [acme.framework.utilities.DatabasePopulator] > Persisting task03 = acme.framework.entities.Task{id=8, version=0}
INFO [acme.framework.utilities.DatabasePopulator] > Persisting task04 = acme.framework.entities.Task{id=9, version=0}
INFO [acme.framework.utilities.DatabasePopulator] > Persisting task05 = acme.framework.entities.Task{id=10, version=0}
INFO [acme.framework.utilities.DatabasePopulator] > Persisting task06 = acme.framework.entities.Task{id=11, version=0}
INFO [acme.framework.utilities.DatabasePopulator] > Persisting task07 = acme.framework.entities.Task{id=12, version=0}
INFO [acme.framework.utilities.DatabasePopulator] > Persisting shout01 = acme.framework.entities.Shout{id=13, version=0}
INFO [acme.framework.utilities.DatabasePopulator] > Persisting shout02 = acme.framework.entities.Shout{id=14, version=0}
INFO [acme.framework.utilities.DatabasePopulator] > Persisting shout03 = acme.framework.entities.Shout{id=15, version=0}
INFO [acme.framework.utilities.DatabasePopulator] > Persisting shout04 = acme.framework.entities.Shout{id=16, version=0}
INFO [acme.framework.utilities.DatabasePopulator] > Persisting shout05 = acme.framework.entities.Shout{id=17, version=0}
INFO [acme.framework.utilities.DatabasePopulator] > Persisting shout06 = acme.framework.entities.Shout{id=18, version=0}
INFO [acme.framework.utilities.DatabasePopulator] > Persisting shout07 = acme.framework.entities.Shout{id=19, version=0}
INFO [acme.framework.configuration.ShutdownConfiguration] The system is shutting down...
INFO [acme.Launcher] Starting Launcher using Java 15.0.1 on DESKTOP-Q2IE5GV with PID 2260 (C:\Users\Jack\git\Acme-Planner\target\classes started by Jack in C:\Users\Jack\git\Acme-Planner)
INFO [acme.Launcher] The following profiles are active: development,populator
INFO [acme.Launcher] Starting Launcher using Java 15.0.1 on DESKTOP-Q2IE5GV with PID 3592 (C:\Users\Jack\git\Acme-Planner\target\classes started by Jack in C:\Users\Jack\git\Acme-Planner)
INFO [acme.Launcher] The following profiles are active: development,populator
INFO [acme.Launcher] Started Launcher in 8.813 seconds (JVM running for 9.642)
INFO [acme.framework.utilities.DatabasePopulator] Populating sample data
INFO [acme.framework.utilities.DatabasePopulator] Recreating schema
INFO [acme.framework.utilities.DatabasePopulator] Populating entities from classpath:/WEB-INF/population/initial-data.xml
INFO [acme.framework.utilities.DatabasePopulator] Validating your entities.
INFO [acme.framework.utilities.DatabasePopulator] Validating anonymousUserAccount ... PASS
INFO [acme.framework.utilities.DatabasePopulator] Validating anonymousAnonymous ... PASS
INFO [acme.framework.utilities.DatabasePopulator] Validating administratorUserAccount ... PASS
INFO [acme.framework.utilities.DatabasePopulator] Validating administratorAdministrator ... PASS
INFO [acme.framework.utilities.DatabasePopulator] Validating administratorAuthenticated ... PASS
INFO [acme.framework.utilities.DatabasePopulator] Validating CustomParam ... PASS
INFO [acme.framework.utilities.DatabasePopulator] Sorting your entities topologically.
INFO [acme.framework.utilities.DatabasePopulator] > Setting index 0 for anonymousUserAccount.
INFO [acme.framework.utilities.DatabasePopulator] > Setting index 1 for anonymousAnonymous.
INFO [acme.framework.utilities.DatabasePopulator] > Setting index 2 for administratorUserAccount.
INFO [acme.framework.utilities.DatabasePopulator] > Setting index 3 for administratorAdministrator.
INFO [acme.framework.utilities.DatabasePopulator] > Setting index 4 for administratorAuthenticated.
INFO [acme.framework.utilities.DatabasePopulator] > Setting index 5 for CustomParam.
INFO [acme.framework.utilities.DatabasePopulator] Persiting your entities.
INFO [acme.framework.utilities.DatabasePopulator] > Persisting anonymousUserAccount = acme.framework.entities.UserAccount{id=1, version=0}
INFO [acme.framework.utilities.DatabasePopulator] > Persisting anonymousAnonymous = acme.framework.entities.Anonymous{id=2, version=0}
INFO [acme.framework.utilities.DatabasePopulator] > Persisting administratorUserAccount = acme.framework.entities.UserAccount{id=3, version=0}
INFO [acme.framework.utilities.DatabasePopulator] > Persisting administratorAdministrator = acme.framework.entities.Administrator{id=4, version=0}
INFO [acme.framework.utilities.DatabasePopulator] > Persisting administratorAuthenticated = acme.framework.entities.Authenticated{id=5, version=0}
INFO [acme.framework.utilities.DatabasePopulator] > Persisting CustomParam = acme.framework.entities.CustomisationParameter{id=6, version=0}
INFO [acme.framework.utilities.DatabasePopulator] Populating entities from classpath:/WEB-INF/population/sample-data.xml
INFO [acme.framework.utilities.DatabasePopulator] Validating your entities.
INFO [acme.framework.utilities.DatabasePopulator] Validating task01 ... PASS
INFO [acme.framework.utilities.DatabasePopulator] Validating task02 ... PASS
INFO [acme.framework.utilities.DatabasePopulator] Validating task03 ... PASS
INFO [acme.framework.utilities.DatabasePopulator] Validating task04 ... PASS
INFO [acme.framework.utilities.DatabasePopulator] Validating task05 ... PASS
INFO [acme.framework.utilities.DatabasePopulator] Validating task06 ... PASS
INFO [acme.framework.utilities.DatabasePopulator] Validating task07 ... PASS
INFO [acme.framework.utilities.DatabasePopulator] Validating shout01 ... PASS
INFO [acme.framework.utilities.DatabasePopulator] Validating shout02 ... PASS
INFO [acme.framework.utilities.DatabasePopulator] Validating shout03 ... PASS
INFO [acme.framework.utilities.DatabasePopulator] Validating shout04 ... PASS
INFO [acme.framework.utilities.DatabasePopulator] Validating shout05 ... PASS
INFO [acme.framework.utilities.DatabasePopulator] Validating shout06 ... PASS
INFO [acme.framework.utilities.DatabasePopulator] Validating shout07 ... PASS
INFO [acme.framework.utilities.DatabasePopulator] Sorting your entities topologically.
INFO [acme.framework.utilities.DatabasePopulator] > Setting index 0 for task01.
INFO [acme.framework.utilities.DatabasePopulator] > Setting index 1 for task02.
INFO [acme.framework.utilities.DatabasePopulator] > Setting index 2 for task03.
INFO [acme.framework.utilities.DatabasePopulator] > Setting index 3 for task04.
INFO [acme.framework.utilities.DatabasePopulator] > Setting index 4 for task05.
INFO [acme.framework.utilities.DatabasePopulator] > Setting index 5 for task06.
INFO [acme.framework.utilities.DatabasePopulator] > Setting index 6 for task07.
INFO [acme.framework.utilities.DatabasePopulator] > Setting index 7 for shout01.
INFO [acme.framework.utilities.DatabasePopulator] > Setting index 8 for shout02.
INFO [acme.framework.utilities.DatabasePopulator] > Setting index 9 for shout03.
INFO [acme.framework.utilities.DatabasePopulator] > Setting index 10 for shout04.
INFO [acme.framework.utilities.DatabasePopulator] > Setting index 11 for shout05.
INFO [acme.framework.utilities.DatabasePopulator] > Setting index 12 for shout06.
INFO [acme.framework.utilities.DatabasePopulator] > Setting index 13 for shout07.
INFO [acme.framework.utilities.DatabasePopulator] Persiting your entities.
INFO [acme.framework.utilities.DatabasePopulator] > Persisting task01 = acme.framework.entities.Task{id=7, version=0}
INFO [acme.framework.utilities.DatabasePopulator] > Persisting task02 = acme.framework.entities.Task{id=8, version=0}
INFO [acme.framework.utilities.DatabasePopulator] > Persisting task03 = acme.framework.entities.Task{id=9, version=0}
INFO [acme.framework.utilities.DatabasePopulator] > Persisting task04 = acme.framework.entities.Task{id=10, version=0}
INFO [acme.framework.utilities.DatabasePopulator] > Persisting task05 = acme.framework.entities.Task{id=11, version=0}
INFO [acme.framework.utilities.DatabasePopulator] > Persisting task06 = acme.framework.entities.Task{id=12, version=0}
INFO [acme.framework.utilities.DatabasePopulator] > Persisting task07 = acme.framework.entities.Task{id=13, version=0}
INFO [acme.framework.utilities.DatabasePopulator] > Persisting shout01 = acme.framework.entities.Shout{id=14, version=0}
INFO [acme.framework.utilities.DatabasePopulator] > Persisting shout02 = acme.framework.entities.Shout{id=15, version=0}
INFO [acme.framework.utilities.DatabasePopulator] > Persisting shout03 = acme.framework.entities.Shout{id=16, version=0}
INFO [acme.framework.utilities.DatabasePopulator] > Persisting shout04 = acme.framework.entities.Shout{id=17, version=0}
INFO [acme.framework.utilities.DatabasePopulator] > Persisting shout05 = acme.framework.entities.Shout{id=18, version=0}
INFO [acme.framework.utilities.DatabasePopulator] > Persisting shout06 = acme.framework.entities.Shout{id=19, version=0}
INFO [acme.framework.utilities.DatabasePopulator] > Persisting shout07 = acme.framework.entities.Shout{id=20, version=0}
INFO [acme.framework.configuration.ShutdownConfiguration] The system is shutting down...
INFO [acme.Launcher] Starting Launcher using Java 1.8.0_281 on DESKTOP-UGTOA0M with PID 19052 (C:\Users\mrivas\git\Acme-Planner\target\classes started by mrivas in C:\Users\mrivas\git\Acme-Planner)
INFO [acme.Launcher] The following profiles are active: development,populator
INFO [acme.Launcher] Started Launcher in 16.513 seconds (JVM running for 17.713)
INFO [acme.framework.utilities.DatabasePopulator] Populating sample data
INFO [acme.framework.utilities.DatabasePopulator] Recreating schema
INFO [acme.framework.utilities.DatabasePopulator] Populating entities from classpath:/WEB-INF/population/initial-data.xml
INFO [acme.framework.utilities.DatabasePopulator] Validating your entities.
INFO [acme.framework.utilities.DatabasePopulator] Validating anonymousUserAccount ... PASS
INFO [acme.framework.utilities.DatabasePopulator] Validating anonymousAnonymous ... PASS
INFO [acme.framework.utilities.DatabasePopulator] Validating administratorUserAccount ... PASS
INFO [acme.framework.utilities.DatabasePopulator] Validating administratorAdministrator ... PASS
INFO [acme.framework.utilities.DatabasePopulator] Validating administratorAuthenticated ... PASS
INFO [acme.framework.utilities.DatabasePopulator] Validating CustomParam ... PASS
INFO [acme.framework.utilities.DatabasePopulator] Sorting your entities topologically.
INFO [acme.framework.utilities.DatabasePopulator] > Setting index 0 for anonymousUserAccount.
INFO [acme.framework.utilities.DatabasePopulator] > Setting index 1 for anonymousAnonymous.
INFO [acme.framework.utilities.DatabasePopulator] > Setting index 2 for administratorUserAccount.
INFO [acme.framework.utilities.DatabasePopulator] > Setting index 3 for administratorAdministrator.
INFO [acme.framework.utilities.DatabasePopulator] > Setting index 4 for administratorAuthenticated.
INFO [acme.framework.utilities.DatabasePopulator] > Setting index 5 for CustomParam.
INFO [acme.framework.utilities.DatabasePopulator] Persiting your entities.
INFO [acme.framework.utilities.DatabasePopulator] > Persisting anonymousUserAccount = acme.framework.entities.UserAccount{id=1, version=0}
INFO [acme.framework.utilities.DatabasePopulator] > Persisting anonymousAnonymous = acme.framework.entities.Anonymous{id=2, version=0}
INFO [acme.framework.utilities.DatabasePopulator] > Persisting administratorUserAccount = acme.framework.entities.UserAccount{id=3, version=0}
INFO [acme.framework.utilities.DatabasePopulator] > Persisting administratorAdministrator = acme.framework.entities.Administrator{id=4, version=0}
INFO [acme.framework.utilities.DatabasePopulator] > Persisting administratorAuthenticated = acme.framework.entities.Authenticated{id=5, version=0}
INFO [acme.framework.utilities.DatabasePopulator] > Persisting CustomParam = acme.framework.entities.CustomisationParameter{id=6, version=0}
INFO [acme.framework.utilities.DatabasePopulator] Populating entities from classpath:/WEB-INF/population/sample-data.xml
INFO [acme.framework.utilities.DatabasePopulator] Validating your entities.
INFO [acme.framework.utilities.DatabasePopulator] Validating manager01UserAccount ... PASS
INFO [acme.framework.utilities.DatabasePopulator] Validating manager01Manager ... PASS
INFO [acme.framework.utilities.DatabasePopulator] Validating manager01Authenticated ... PASS
INFO [acme.framework.utilities.DatabasePopulator] Validating manager02UserAccount ... PASS
INFO [acme.framework.utilities.DatabasePopulator] Validating manager02Manager ... PASS
INFO [acme.framework.utilities.DatabasePopulator] Validating manager02Authenticated ... PASS
INFO [acme.framework.utilities.DatabasePopulator] Validating task01 ... PASS
INFO [acme.framework.utilities.DatabasePopulator] Validating task02 ... PASS
INFO [acme.framework.utilities.DatabasePopulator] Validating task03 ... PASS
INFO [acme.framework.utilities.DatabasePopulator] Validating task04 ... PASS
INFO [acme.framework.utilities.DatabasePopulator] Validating task05 ... PASS
INFO [acme.framework.utilities.DatabasePopulator] Validating task06 ... PASS
INFO [acme.framework.utilities.DatabasePopulator] Validating task07 ... PASS
INFO [acme.framework.utilities.DatabasePopulator] Validating shout01 ... PASS
INFO [acme.framework.utilities.DatabasePopulator] Validating shout02 ... PASS
INFO [acme.framework.utilities.DatabasePopulator] Validating shout03 ... PASS
INFO [acme.framework.utilities.DatabasePopulator] Validating shout04 ... PASS
INFO [acme.framework.utilities.DatabasePopulator] Validating shout05 ... PASS
INFO [acme.framework.utilities.DatabasePopulator] Validating shout06 ... PASS
INFO [acme.framework.utilities.DatabasePopulator] Validating shout07 ... PASS
INFO [acme.framework.utilities.DatabasePopulator] Sorting your entities topologically.
INFO [acme.framework.utilities.DatabasePopulator] > Setting index 0 for manager01UserAccount.
INFO [acme.framework.utilities.DatabasePopulator] > Setting index 1 for manager01Manager.
INFO [acme.framework.utilities.DatabasePopulator] > Setting index 2 for manager01Authenticated.
INFO [acme.framework.utilities.DatabasePopulator] > Setting index 3 for manager02UserAccount.
INFO [acme.framework.utilities.DatabasePopulator] > Setting index 4 for manager02Manager.
INFO [acme.framework.utilities.DatabasePopulator] > Setting index 5 for manager02Authenticated.
INFO [acme.framework.utilities.DatabasePopulator] > Setting index 6 for task01.
INFO [acme.framework.utilities.DatabasePopulator] > Setting index 7 for task02.
INFO [acme.framework.utilities.DatabasePopulator] > Setting index 8 for task03.
INFO [acme.framework.utilities.DatabasePopulator] > Setting index 9 for task04.
INFO [acme.framework.utilities.DatabasePopulator] > Setting index 10 for task05.
INFO [acme.framework.utilities.DatabasePopulator] > Setting index 11 for task06.
INFO [acme.framework.utilities.DatabasePopulator] > Setting index 12 for task07.
INFO [acme.framework.utilities.DatabasePopulator] > Setting index 13 for shout01.
INFO [acme.framework.utilities.DatabasePopulator] > Setting index 14 for shout02.
INFO [acme.framework.utilities.DatabasePopulator] > Setting index 15 for shout03.
INFO [acme.framework.utilities.DatabasePopulator] > Setting index 16 for shout04.
INFO [acme.framework.utilities.DatabasePopulator] > Setting index 17 for shout05.
INFO [acme.framework.utilities.DatabasePopulator] > Setting index 18 for shout06.
INFO [acme.framework.utilities.DatabasePopulator] > Setting index 19 for shout07.
INFO [acme.framework.utilities.DatabasePopulator] Persiting your entities.
INFO [acme.framework.utilities.DatabasePopulator] > Persisting manager01UserAccount = acme.framework.entities.UserAccount{id=7, version=0}
INFO [acme.framework.utilities.DatabasePopulator] > Persisting manager01Manager = acme.framework.entities.Manager{id=8, version=0}
INFO [acme.framework.utilities.DatabasePopulator] > Persisting manager01Authenticated = acme.framework.entities.Authenticated{id=9, version=0}
INFO [acme.framework.utilities.DatabasePopulator] > Persisting manager02UserAccount = acme.framework.entities.UserAccount{id=10, version=0}
INFO [acme.framework.utilities.DatabasePopulator] > Persisting manager02Manager = acme.framework.entities.Manager{id=11, version=0}
INFO [acme.framework.utilities.DatabasePopulator] > Persisting manager02Authenticated = acme.framework.entities.Authenticated{id=12, version=0}
INFO [acme.framework.utilities.DatabasePopulator] > Persisting task01 = acme.framework.entities.Task{id=13, version=0}
INFO [acme.framework.utilities.DatabasePopulator] > Persisting task02 = acme.framework.entities.Task{id=14, version=0}
INFO [acme.framework.utilities.DatabasePopulator] > Persisting task03 = acme.framework.entities.Task{id=15, version=0}
INFO [acme.framework.utilities.DatabasePopulator] > Persisting task04 = acme.framework.entities.Task{id=16, version=0}
INFO [acme.framework.utilities.DatabasePopulator] > Persisting task05 = acme.framework.entities.Task{id=17, version=0}
INFO [acme.framework.utilities.DatabasePopulator] > Persisting task06 = acme.framework.entities.Task{id=18, version=0}
INFO [acme.framework.utilities.DatabasePopulator] > Persisting task07 = acme.framework.entities.Task{id=19, version=0}
INFO [acme.framework.utilities.DatabasePopulator] > Persisting shout01 = acme.framework.entities.Shout{id=20, version=0}
INFO [acme.framework.utilities.DatabasePopulator] > Persisting shout02 = acme.framework.entities.Shout{id=21, version=0}
INFO [acme.framework.utilities.DatabasePopulator] > Persisting shout03 = acme.framework.entities.Shout{id=22, version=0}
INFO [acme.framework.utilities.DatabasePopulator] > Persisting shout04 = acme.framework.entities.Shout{id=23, version=0}
INFO [acme.framework.utilities.DatabasePopulator] > Persisting shout05 = acme.framework.entities.Shout{id=24, version=0}
INFO [acme.framework.utilities.DatabasePopulator] > Persisting shout06 = acme.framework.entities.Shout{id=25, version=0}
INFO [acme.framework.utilities.DatabasePopulator] > Persisting shout07 = acme.framework.entities.Shout{id=26, version=0}
INFO [acme.framework.configuration.ShutdownConfiguration] The system is shutting down...
ERROR [org.apache.jsp.WEB_002dINF.views.framework.panic_jsp] HTTP GET /Acme-Planner/WEB-INF/views/framework/page.jsp HTTP/1.1
ERROR [org.apache.jsp.WEB_002dINF.views.framework.panic_jsp] Status: 500
ERROR [org.apache.jsp.WEB_002dINF.views.framework.panic_jsp] Exception: acme.framework.helpers.Assert.state(Assert.java:45): Access is not authorised
ERROR [org.apache.jsp.WEB_002dINF.views.framework.panic_jsp] HTTP GET /Acme-Planner/WEB-INF/views/framework/page.jsp HTTP/1.1
ERROR [org.apache.jsp.WEB_002dINF.views.framework.panic_jsp] Status: 404
ERROR [org.apache.jsp.WEB_002dINF.views.framework.panic_jsp] HTTP GET /Acme-Planner/WEB-INF/views/framework/page.jsp HTTP/1.1
ERROR [org.apache.jsp.WEB_002dINF.views.framework.panic_jsp] Status: 500
ERROR [org.apache.jsp.WEB_002dINF.views.framework.panic_jsp] Exception: java.lang.AssertionError
ERROR [org.apache.jsp.WEB_002dINF.views.framework.panic_jsp] HTTP GET /Acme-Planner/WEB-INF/views/framework/page.jsp HTTP/1.1
ERROR [org.apache.jsp.WEB_002dINF.views.framework.panic_jsp] Status: 404
ERROR [org.apache.jsp.WEB_002dINF.views.framework.panic_jsp] HTTP GET /Acme-Planner/WEB-INF/views/framework/page.jsp HTTP/1.1
ERROR [org.apache.jsp.WEB_002dINF.views.framework.panic_jsp] Status: 500
ERROR [org.apache.jsp.WEB_002dINF.views.framework.panic_jsp] Exception: java.lang.AssertionError
INFO [acme.Launcher] Starting Launcher using Java 1.8.0_281 on DESKTOP-UGTOA0M with PID 17960 (C:\Users\mrivas\git\Acme-Planner\target\classes started by mrivas in C:\Users\mrivas\git\Acme-Planner)
INFO [acme.Launcher] The following profiles are active: development,populator
INFO [acme.Launcher] Started Launcher in 26.064 seconds (JVM running for 27.207)
INFO [acme.framework.utilities.DatabasePopulator] Populating sample data
INFO [acme.framework.utilities.DatabasePopulator] Recreating schema
INFO [acme.framework.utilities.DatabasePopulator] Populating entities from classpath:/WEB-INF/population/initial-data.xml
INFO [acme.framework.utilities.DatabasePopulator] Validating your entities.
INFO [acme.framework.utilities.DatabasePopulator] Validating anonymousUserAccount ... PASS
INFO [acme.framework.utilities.DatabasePopulator] Validating anonymousAnonymous ... PASS
INFO [acme.framework.utilities.DatabasePopulator] Validating administratorUserAccount ... PASS
INFO [acme.framework.utilities.DatabasePopulator] Validating administratorAdministrator ... PASS
INFO [acme.framework.utilities.DatabasePopulator] Validating administratorAuthenticated ... PASS
INFO [acme.framework.utilities.DatabasePopulator] Validating CustomParam ... PASS
INFO [acme.framework.utilities.DatabasePopulator] Sorting your entities topologically.
INFO [acme.framework.utilities.DatabasePopulator] > Setting index 0 for anonymousUserAccount.
INFO [acme.framework.utilities.DatabasePopulator] > Setting index 1 for anonymousAnonymous.
INFO [acme.framework.utilities.DatabasePopulator] > Setting index 2 for administratorUserAccount.
INFO [acme.framework.utilities.DatabasePopulator] > Setting index 3 for administratorAdministrator.
INFO [acme.framework.utilities.DatabasePopulator] > Setting index 4 for administratorAuthenticated.
INFO [acme.framework.utilities.DatabasePopulator] > Setting index 5 for CustomParam.
INFO [acme.framework.utilities.DatabasePopulator] Persiting your entities.
INFO [acme.framework.utilities.DatabasePopulator] > Persisting anonymousUserAccount = acme.framework.entities.UserAccount{id=1, version=0}
INFO [acme.framework.utilities.DatabasePopulator] > Persisting anonymousAnonymous = acme.framework.entities.Anonymous{id=2, version=0}
INFO [acme.framework.utilities.DatabasePopulator] > Persisting administratorUserAccount = acme.framework.entities.UserAccount{id=3, version=0}
INFO [acme.framework.utilities.DatabasePopulator] > Persisting administratorAdministrator = acme.framework.entities.Administrator{id=4, version=0}
INFO [acme.framework.utilities.DatabasePopulator] > Persisting administratorAuthenticated = acme.framework.entities.Authenticated{id=5, version=0}
INFO [acme.framework.utilities.DatabasePopulator] > Persisting CustomParam = acme.framework.entities.CustomisationParameter{id=6, version=0}
INFO [acme.framework.utilities.DatabasePopulator] Populating entities from classpath:/WEB-INF/population/sample-data.xml
INFO [acme.framework.utilities.DatabasePopulator] Validating your entities.
INFO [acme.framework.utilities.DatabasePopulator] Validating manager01UserAccount ... PASS
INFO [acme.framework.utilities.DatabasePopulator] Validating manager01Manager ... PASS
INFO [acme.framework.utilities.DatabasePopulator] Validating manager01Authenticated ... PASS
INFO [acme.framework.utilities.DatabasePopulator] Validating manager02UserAccount ... PASS
INFO [acme.framework.utilities.DatabasePopulator] Validating manager02Manager ... PASS
INFO [acme.framework.utilities.DatabasePopulator] Validating manager02Authenticated ... PASS
INFO [acme.framework.utilities.DatabasePopulator] Validating task01 ... PASS
INFO [acme.framework.utilities.DatabasePopulator] Validating task02 ... PASS
INFO [acme.framework.utilities.DatabasePopulator] Validating task03 ... PASS
INFO [acme.framework.utilities.DatabasePopulator] Validating task04 ... PASS
INFO [acme.framework.utilities.DatabasePopulator] Validating task05 ... PASS
INFO [acme.framework.utilities.DatabasePopulator] Validating task06 ... PASS
INFO [acme.framework.utilities.DatabasePopulator] Validating task07 ... PASS
INFO [acme.framework.utilities.DatabasePopulator] Validating shout01 ... PASS
INFO [acme.framework.utilities.DatabasePopulator] Validating shout02 ... PASS
INFO [acme.framework.utilities.DatabasePopulator] Validating shout03 ... PASS
INFO [acme.framework.utilities.DatabasePopulator] Validating shout04 ... PASS
INFO [acme.framework.utilities.DatabasePopulator] Validating shout05 ... PASS
INFO [acme.framework.utilities.DatabasePopulator] Validating shout06 ... PASS
INFO [acme.framework.utilities.DatabasePopulator] Validating shout07 ... PASS
INFO [acme.framework.utilities.DatabasePopulator] Sorting your entities topologically.
INFO [acme.framework.utilities.DatabasePopulator] > Setting index 0 for manager01UserAccount.
INFO [acme.framework.utilities.DatabasePopulator] > Setting index 1 for manager01Manager.
INFO [acme.framework.utilities.DatabasePopulator] > Setting index 2 for manager01Authenticated.
INFO [acme.framework.utilities.DatabasePopulator] > Setting index 3 for manager02UserAccount.
INFO [acme.framework.utilities.DatabasePopulator] > Setting index 4 for manager02Manager.
INFO [acme.framework.utilities.DatabasePopulator] > Setting index 5 for manager02Authenticated.
INFO [acme.framework.utilities.DatabasePopulator] > Setting index 6 for task01.
INFO [acme.framework.utilities.DatabasePopulator] > Setting index 7 for task02.
INFO [acme.framework.utilities.DatabasePopulator] > Setting index 8 for task03.
INFO [acme.framework.utilities.DatabasePopulator] > Setting index 9 for task04.
INFO [acme.framework.utilities.DatabasePopulator] > Setting index 10 for task05.
INFO [acme.framework.utilities.DatabasePopulator] > Setting index 11 for task06.
INFO [acme.framework.utilities.DatabasePopulator] > Setting index 12 for task07.
INFO [acme.framework.utilities.DatabasePopulator] > Setting index 13 for shout01.
INFO [acme.framework.utilities.DatabasePopulator] > Setting index 14 for shout02.
INFO [acme.framework.utilities.DatabasePopulator] > Setting index 15 for shout03.
INFO [acme.framework.utilities.DatabasePopulator] > Setting index 16 for shout04.
INFO [acme.framework.utilities.DatabasePopulator] > Setting index 17 for shout05.
INFO [acme.framework.utilities.DatabasePopulator] > Setting index 18 for shout06.
INFO [acme.framework.utilities.DatabasePopulator] > Setting index 19 for shout07.
INFO [acme.framework.utilities.DatabasePopulator] Persiting your entities.
INFO [acme.framework.utilities.DatabasePopulator] > Persisting manager01UserAccount = acme.framework.entities.UserAccount{id=7, version=0}
INFO [acme.framework.utilities.DatabasePopulator] > Persisting manager01Manager = acme.framework.entities.Manager{id=8, version=0}
INFO [acme.framework.utilities.DatabasePopulator] > Persisting manager01Authenticated = acme.framework.entities.Authenticated{id=9, version=0}
INFO [acme.framework.utilities.DatabasePopulator] > Persisting manager02UserAccount = acme.framework.entities.UserAccount{id=10, version=0}
INFO [acme.framework.utilities.DatabasePopulator] > Persisting manager02Manager = acme.framework.entities.Manager{id=11, version=0}
INFO [acme.framework.utilities.DatabasePopulator] > Persisting manager02Authenticated = acme.framework.entities.Authenticated{id=12, version=0}
INFO [acme.framework.utilities.DatabasePopulator] > Persisting task01 = acme.framework.entities.Task{id=13, version=0}
INFO [acme.framework.utilities.DatabasePopulator] > Persisting task02 = acme.framework.entities.Task{id=14, version=0}
INFO [acme.framework.utilities.DatabasePopulator] > Persisting task03 = acme.framework.entities.Task{id=15, version=0}
INFO [acme.framework.utilities.DatabasePopulator] > Persisting task04 = acme.framework.entities.Task{id=16, version=0}
INFO [acme.framework.utilities.DatabasePopulator] > Persisting task05 = acme.framework.entities.Task{id=17, version=0}
INFO [acme.framework.utilities.DatabasePopulator] > Persisting task06 = acme.framework.entities.Task{id=18, version=0}
INFO [acme.framework.utilities.DatabasePopulator] > Persisting task07 = acme.framework.entities.Task{id=19, version=0}
INFO [acme.framework.utilities.DatabasePopulator] > Persisting shout01 = acme.framework.entities.Shout{id=20, version=0}
INFO [acme.framework.utilities.DatabasePopulator] > Persisting shout02 = acme.framework.entities.Shout{id=21, version=0}
INFO [acme.framework.utilities.DatabasePopulator] > Persisting shout03 = acme.framework.entities.Shout{id=22, version=0}
INFO [acme.framework.utilities.DatabasePopulator] > Persisting shout04 = acme.framework.entities.Shout{id=23, version=0}
INFO [acme.framework.utilities.DatabasePopulator] > Persisting shout05 = acme.framework.entities.Shout{id=24, version=0}
INFO [acme.framework.utilities.DatabasePopulator] > Persisting shout06 = acme.framework.entities.Shout{id=25, version=0}
INFO [acme.framework.utilities.DatabasePopulator] > Persisting shout07 = acme.framework.entities.Shout{id=26, version=0}
INFO [acme.framework.configuration.ShutdownConfiguration] The system is shutting down...
ERROR [org.apache.jsp.WEB_002dINF.views.framework.panic_jsp] HTTP GET /Acme-Planner/WEB-INF/views/framework/page.jsp HTTP/1.1
ERROR [org.apache.jsp.WEB_002dINF.views.framework.panic_jsp] Status: 500
ERROR [org.apache.jsp.WEB_002dINF.views.framework.panic_jsp] Exception: java.lang.AssertionError
ERROR [org.apache.jsp.WEB_002dINF.views.framework.panic_jsp] HTTP GET /Acme-Planner/WEB-INF/views/framework/page.jsp HTTP/1.1
ERROR [org.apache.jsp.WEB_002dINF.views.framework.panic_jsp] Status: 404
